<?xml version="1.0" encoding="UTF-8"?>
<!-- Generated by org.testng.reporters.JUnitXMLReporter -->
<testsuite ignored="1" hostname="LAPTOP-OCIA1DL8" failures="0" tests="1" name="Default test" time="15.484" errors="0" timestamp="2026-01-07T13:38:29 IST">
  <testcase classname="testScript.LoginTest" name="loginWithBothInvalidCeredentials" time="1.21"/>
  <testcase classname="testScript.LoginTest" name="loginWithValidCeredentials" time="0.0">
    <ignored/>
  </testcase> <!-- loginWithValidCeredentials -->
</testsuite> <!-- Default test -->
