<?xml version="1.0" encoding="UTF-8"?>
<!-- Generated by org.testng.reporters.JUnitReportReporter -->
<testsuite hostname="LAPTOP-OCIA1DL8" failures="0" tests="2" name="testScript.LoginTest" time="63.864" errors="0" timestamp="2026-01-08T12:18:23 IST" skipped="0">
  <testcase classname="testScript.LoginTest" name="loginWithValidCeredentials" time="22.905"/>
  <testcase classname="testScript.LoginTest" name="loginWithBothInvalidCeredentials" time="40.959"/>
</testsuite> <!-- testScript.LoginTest -->
